0 silly argv {
0 silly argv   _: [ 'version' ],
0 silly argv   lernaVersion: '6.1.0',
0 silly argv   '$0': 'C:\\Users\\inksnow\\AppData\\Roaming\\npm\\node_modules\\lerna\\cli.js'
0 silly argv }
1 notice cli v6.1.0
2 verbose rootPath D:\web架构learn\codes\ink-cli-dev
3 info current version 1.0.0
4 silly isAnythingCommitted
5 verbose isAnythingCommitted 1
6 silly getCurrentBranch
7 verbose currentBranch master
8 silly remoteBranchExists
9 silly isBehindUpstream
10 error Error: Command failed with exit code 1: git remote update
10 error fatal: protocol 'git remote add origin https' is not supported
10 error error: could not fetch inksnow-cli-dev
10 error Fetching inksnow-cli-dev
10 error Fetching origin
10 error     at makeError (D:\web架构learn\codes\ink-cli-dev\node_modules\execa\lib\error.js:60:11)
10 error     at Function.module.exports.sync (D:\web架构learn\codes\ink-cli-dev\node_modules\execa\index.js:194:17)
10 error     at Object.execSync (D:\web架构learn\codes\ink-cli-dev\node_modules\@lerna\child-process\index.js:39:16)
10 error     at updateRemote (D:\web架构learn\codes\ink-cli-dev\node_modules\@lerna\version\lib\is-behind-upstream.js:34:16)
10 error     at isBehindUpstream (D:\web架构learn\codes\ink-cli-dev\node_modules\@lerna\version\lib\is-behind-upstream.js:16:3)
10 error     at VersionCommand.initialize (D:\web架构learn\codes\ink-cli-dev\node_modules\@lerna\version\index.js:156:9)
